[2018-03-26T17:06:07.575] [TRACE] development - Get all nutrition API called
[2018-03-26T17:06:07.586] [TRACE] development - Nutrition got successfully =  { status: 1,
  message: 'Nutrition\'s details found',
  nutritions: [] }
[2018-03-26T17:06:36.314] [TRACE] development - Get all nutrition API called
[2018-03-26T17:06:36.316] [TRACE] development - Nutrition got successfully =  { status: 1,
  message: 'Nutrition\'s details found',
  nutritions: [] }
[2018-03-27T09:13:51.992] [TRACE] development - Get all nutrition API called
[2018-03-27T09:14:09.742] [TRACE] development - API - User signup called
[2018-03-27T09:14:09.742] [DEBUG] development - req.body =  { first_name: 'Virendra',
  last_name: 'Patel',
  username: 'VPA',
  email: 'vpa@narola.email',
  password: 'narola21',
  gender: 'male',
  height: 66,
  weight: 77,
  goal: 'Lose Fat',
  workout_intensity: 62,
  experience_level: 50,
  workout_location: 'gym' }
[2018-03-27T09:15:39.623] [TRACE] development - API - Admin login called
[2018-03-27T09:15:39.623] [DEBUG] development - req.body =  { email: 'ar@narola.email', password: 'narola21' }
[2018-03-27T09:15:39.624] [TRACE] development - Valid request of login
[2018-03-27T09:15:39.625] [TRACE] development - Checking for user availability
[2018-03-27T09:16:05.880] [TRACE] development - Get all nutrition API called
[2018-03-27T09:16:23.972] [TRACE] development - Get all nutrition API called
[2018-03-27T09:18:17.210] [TRACE] development - API - User login called
[2018-03-27T09:18:17.211] [DEBUG] development - req.body =  { email: 'sb@narola.email', password: 'narola21' }
[2018-03-27T09:18:17.212] [TRACE] development - Valid request of login
[2018-03-27T09:18:17.212] [TRACE] development - Checking for user availability
[2018-03-27T09:18:41.003] [TRACE] development - API - User login called
[2018-03-27T09:18:41.005] [DEBUG] development - req.body =  { email: 'sb@narola.email', password: 'narola21' }
[2018-03-27T09:18:41.006] [TRACE] development - Valid request of login
[2018-03-27T09:18:41.006] [TRACE] development - Checking for user availability
[2018-03-27T09:18:53.241] [TRACE] development - API - User signup called
[2018-03-27T09:18:53.242] [DEBUG] development - req.body =  { first_name: 'Virendra',
  last_name: 'Patel',
  username: 'VPA',
  email: 'vpa@narola.email',
  password: 'narola21',
  gender: 'male',
  height: 66,
  weight: 77,
  goal: 'Lose Fat',
  workout_intensity: 62,
  experience_level: 50,
  workout_location: 'gym' }
[2018-03-27T10:10:40.996] [TRACE] development - Get all equipment_category API called
[2018-03-27T10:10:41.005] [TRACE] development - Equipment category got successfully =  { status: 1,
  message: 'Equipment\'s category details found',
  equipment_categories: [] }
[2018-03-27T10:29:43.137] [ERROR] development - Validation Error =  [ { location: 'body', param: 'name', msg: 'Name is required' },
  { location: 'body', param: 'image', msg: 'Image is required' },
  { location: 'body',
    param: 'category_id',
    msg: 'Category is required' } ]
[2018-03-27T10:30:23.325] [ERROR] development - Validation Error =  [ { location: 'body', param: 'name', msg: 'Name is required' },
  { location: 'body', param: 'image', msg: 'Image is required' },
  { location: 'body',
    param: 'category_id',
    msg: 'Category is required' } ]
[2018-03-27T10:30:34.851] [ERROR] development - Validation Error =  [ { location: 'body', param: 'name', msg: 'Name is required' },
  { location: 'body', param: 'image', msg: 'Image is required' },
  { location: 'body',
    param: 'category_id',
    msg: 'Category is required' } ]
[2018-03-27T10:30:48.699] [ERROR] development - Validation Error =  [ { location: 'body', param: 'name', msg: 'Name is required' },
  { location: 'body', param: 'image', msg: 'Image is required' },
  { location: 'body',
    param: 'category_id',
    msg: 'Category is required' } ]
[2018-03-27T10:31:55.738] [ERROR] development - Validation Error =  [ { location: 'body', param: 'name', msg: 'Name is required' },
  { location: 'body', param: 'image', msg: 'Image is required' },
  { location: 'body',
    param: 'category_id',
    msg: 'Category is required' } ]
[2018-03-27T10:32:10.726] [ERROR] development - Validation Error =  [ { location: 'body', param: 'name', msg: 'Name is required' },
  { location: 'body', param: 'image', msg: 'Image is required' },
  { location: 'body',
    param: 'category_id',
    msg: 'Category is required' } ]
[2018-03-27T10:32:22.830] [ERROR] development - Validation Error =  [ { location: 'body', param: 'name', msg: 'Name is required' },
  { location: 'body', param: 'image', msg: 'Image is required' },
  { location: 'body',
    param: 'category_id',
    msg: 'Category is required' } ]
[2018-03-27T10:32:28.349] [ERROR] development - Validation Error =  [ { location: 'body', param: 'name', msg: 'Name is required' },
  { location: 'body', param: 'image', msg: 'Image is required' },
  { location: 'body',
    param: 'category_id',
    msg: 'Category is required' } ]
[2018-03-27T10:32:30.378] [ERROR] development - Validation Error =  [ { location: 'body', param: 'name', msg: 'Name is required' },
  { location: 'body', param: 'image', msg: 'Image is required' },
  { location: 'body',
    param: 'category_id',
    msg: 'Category is required' } ]
[2018-03-27T10:32:31.902] [ERROR] development - Validation Error =  [ { location: 'body', param: 'name', msg: 'Name is required' },
  { location: 'body', param: 'image', msg: 'Image is required' },
  { location: 'body',
    param: 'category_id',
    msg: 'Category is required' } ]
[2018-03-27T10:32:44.299] [ERROR] development - Validation Error =  [ { location: 'body', param: 'image', msg: 'Image is required' } ]
[2018-03-27T10:33:04.433] [ERROR] development - Validation Error =  [ { location: 'body', param: 'image', msg: 'Image is required' } ]
[2018-03-27T10:33:31.318] [ERROR] development - Validation Error =  [ { location: 'body', param: 'image', msg: 'Image is required' } ]
[2018-03-27T10:33:33.187] [ERROR] development - Validation Error =  [ { location: 'body', param: 'image', msg: 'Image is required' } ]
[2018-03-27T10:33:34.041] [ERROR] development - Validation Error =  [ { location: 'body', param: 'image', msg: 'Image is required' } ]
[2018-03-27T10:38:18.424] [INFO] development - Image not available to upload. Executing next instruction
[2018-03-27T10:39:07.633] [INFO] development - Image not available to upload. Executing next instruction
[2018-03-27T10:39:48.380] [INFO] development - Image not available to upload. Executing next instruction
[2018-03-27T10:41:46.230] [INFO] development - Image not available to upload. Executing next instruction
[2018-03-27T10:44:24.132] [INFO] development - Image not available to upload. Executing next instruction
[2018-03-27T10:45:01.242] [INFO] development - Image not available to upload. Executing next instruction
[2018-03-27T10:45:02.939] [INFO] development - Image not available to upload. Executing next instruction
[2018-03-27T10:45:03.961] [INFO] development - Image not available to upload. Executing next instruction
[2018-03-27T10:45:04.753] [INFO] development - Image not available to upload. Executing next instruction
[2018-03-27T10:45:09.933] [INFO] development - Image not available to upload. Executing next instruction
[2018-03-27T10:45:51.746] [INFO] development - Image not available to upload. Executing next instruction
[2018-03-27T10:45:53.370] [INFO] development - Image not available to upload. Executing next instruction
[2018-03-27T10:45:54.228] [INFO] development - Image not available to upload. Executing next instruction
[2018-03-27T10:46:05.341] [INFO] development - Image not available to upload. Executing next instruction
[2018-03-27T10:46:29.921] [INFO] development - Image not available to upload. Executing next instruction
[2018-03-27T10:46:31.038] [INFO] development - Image not available to upload. Executing next instruction
[2018-03-27T10:46:31.755] [INFO] development - Image not available to upload. Executing next instruction
[2018-03-27T10:46:32.401] [INFO] development - Image not available to upload. Executing next instruction
[2018-03-27T10:46:32.898] [INFO] development - Image not available to upload. Executing next instruction
[2018-03-27T10:46:36.664] [INFO] development - Image not available to upload. Executing next instruction
[2018-03-27T10:47:48.408] [ERROR] development - Validation Error =  [ { location: 'body', param: 'name', msg: 'Name is required' },
  { location: 'body', param: 'image', msg: 'Image is required' },
  { location: 'body',
    param: 'category_id',
    msg: 'Category is required' } ]
[2018-03-27T11:01:16.044] [ERROR] development - Validation Error =  [ { location: 'body', param: 'name', msg: 'Name is required' } ]
[2018-03-27T11:01:29.058] [ERROR] development - Validation Error =  [ { location: 'body', param: 'name', msg: 'Name is required' } ]
[2018-03-27T11:01:35.700] [ERROR] development - Validation Error =  [ { location: 'body', param: 'name', msg: 'Name is required' } ]
[2018-03-27T11:12:59.236] [INFO] development - Image not available to upload. Executing next instruction
[2018-03-27T11:13:26.787] [ERROR] development - Validation Error =  [ { location: 'body', param: 'name', msg: 'Name is required' },
  { location: 'body',
    param: 'description',
    msg: 'Description is required' },
  { location: 'body',
    param: 'category_id',
    msg: 'Category is required' } ]
[2018-03-27T11:13:44.039] [INFO] development - Image not available to upload. Executing next instruction
[2018-03-27T11:14:24.123] [INFO] development - Image not available to upload. Executing next instruction
[2018-03-27T11:15:07.648] [INFO] development - Image not available to upload. Executing next instruction
[2018-03-27T11:15:25.780] [INFO] development - Image not available to upload. Executing next instruction
[2018-03-27T11:15:40.469] [INFO] development - Image not available to upload. Executing next instruction
[2018-03-27T11:16:00.654] [INFO] development - Image not available to upload. Executing next instruction
[2018-03-27T11:16:25.986] [INFO] development - Image not available to upload. Executing next instruction
[2018-03-27T11:17:18.095] [INFO] development - Image not available to upload. Executing next instruction
[2018-03-27T11:17:46.951] [INFO] development - Image not available to upload. Executing next instruction
[2018-03-27T11:18:09.267] [INFO] development - Image not available to upload. Executing next instruction
[2018-03-27T11:18:48.650] [INFO] development - Image not available to upload. Executing next instruction
[2018-03-27T11:18:48.673] [ERROR] development - Error while inserting equipment_category =  { status: 0,
  message: 'Error occured while inserting equipment',
  error: 
   { errors: { category_id: [Object] },
     _message: 'equipments validation failed',
     message: 'equipments validation failed: category_id: Cast to ObjectID failed for value "1" at path "category_id"',
     name: 'ValidationError' } }
[2018-03-27T11:19:36.839] [INFO] development - Image not available to upload. Executing next instruction
[2018-03-27T11:19:36.852] [ERROR] development - Error while inserting equipment_category =  { status: 0,
  message: 'Error occured while inserting equipment',
  error: 
   { errors: { category_id: [Object] },
     _message: 'equipments validation failed',
     message: 'equipments validation failed: category_id: Cast to ObjectID failed for value "1" at path "category_id"',
     name: 'ValidationError' } }
[2018-03-27T11:20:17.429] [INFO] development - Image not available to upload. Executing next instruction
[2018-03-27T11:20:51.841] [INFO] development - Image not available to upload. Executing next instruction
[2018-03-27T11:20:55.271] [INFO] development - Image not available to upload. Executing next instruction
[2018-03-27T11:20:56.126] [INFO] development - Image not available to upload. Executing next instruction
[2018-03-27T11:20:56.875] [INFO] development - Image not available to upload. Executing next instruction
[2018-03-27T11:21:47.312] [INFO] development - Image not available to upload. Executing next instruction
[2018-03-27T11:22:05.589] [INFO] development - Image not available to upload. Executing next instruction
[2018-03-27T11:22:13.342] [ERROR] development - Validation Error =  [ { location: 'body', param: 'name', msg: 'Name is required' },
  { location: 'body',
    param: 'description',
    msg: 'Description is required' },
  { location: 'body',
    param: 'category_id',
    msg: 'Category is required' } ]
[2018-03-27T11:22:14.863] [ERROR] development - Validation Error =  [ { location: 'body', param: 'name', msg: 'Name is required' },
  { location: 'body',
    param: 'description',
    msg: 'Description is required' },
  { location: 'body',
    param: 'category_id',
    msg: 'Category is required' } ]
[2018-03-27T11:22:15.589] [ERROR] development - Validation Error =  [ { location: 'body', param: 'name', msg: 'Name is required' },
  { location: 'body',
    param: 'description',
    msg: 'Description is required' },
  { location: 'body',
    param: 'category_id',
    msg: 'Category is required' } ]
[2018-03-27T11:22:16.286] [ERROR] development - Validation Error =  [ { location: 'body', param: 'name', msg: 'Name is required' },
  { location: 'body',
    param: 'description',
    msg: 'Description is required' },
  { location: 'body',
    param: 'category_id',
    msg: 'Category is required' } ]
[2018-03-27T11:22:45.909] [ERROR] development - Validation Error =  [ { location: 'body', param: 'name', msg: 'Name is required' },
  { location: 'body',
    param: 'description',
    msg: 'Description is required' },
  { location: 'body',
    param: 'category_id',
    msg: 'Category is required' } ]
[2018-03-27T11:23:14.238] [ERROR] development - Validation Error =  [ { location: 'body', param: 'name', msg: 'Name is required' },
  { location: 'body',
    param: 'description',
    msg: 'Description is required' },
  { location: 'body',
    param: 'category_id',
    msg: 'Category is required' } ]
[2018-03-27T11:23:57.146] [ERROR] development - Validation Error =  [ { location: 'body', param: 'name', msg: 'Name is required' },
  { location: 'body',
    param: 'description',
    msg: 'Description is required' },
  { location: 'body',
    param: 'category_id',
    msg: 'Category is required' } ]
[2018-03-27T11:24:36.982] [ERROR] development - Validation Error =  [ { location: 'body', param: 'name', msg: 'Name is required' },
  { location: 'body',
    param: 'description',
    msg: 'Description is required' },
  { location: 'body',
    param: 'category_id',
    msg: 'Category is required' } ]
[2018-03-27T11:25:03.929] [INFO] development - Image not available to upload. Executing next instruction
[2018-03-27T11:25:03.948] [ERROR] development - Error while inserting equipment_category =  { status: 0,
  message: 'Error occured while inserting equipment',
  error: 
   { errors: { name: [Object], category_id: [Object] },
     _message: 'equipments validation failed',
     message: 'equipments validation failed: name: Path `name` is required., category_id: Path `category_id` is required.',
     name: 'ValidationError' } }
[2018-03-27T11:25:23.236] [INFO] development - Image not available to upload. Executing next instruction
[2018-03-27T11:25:23.238] [ERROR] development - Error while inserting equipment_category =  { status: 0,
  message: 'Error occured while inserting equipment',
  error: 
   { errors: { name: [Object], category_id: [Object] },
     _message: 'equipments validation failed',
     message: 'equipments validation failed: name: Path `name` is required., category_id: Path `category_id` is required.',
     name: 'ValidationError' } }
[2018-03-27T11:25:33.651] [INFO] development - Image not available to upload. Executing next instruction
[2018-03-27T11:25:33.652] [ERROR] development - Error while inserting equipment_category =  { status: 0,
  message: 'Error occured while inserting equipment',
  error: 
   { errors: { name: [Object], category_id: [Object] },
     _message: 'equipments validation failed',
     message: 'equipments validation failed: name: Path `name` is required., category_id: Path `category_id` is required.',
     name: 'ValidationError' } }
[2018-03-27T11:25:59.008] [INFO] development - Image not available to upload. Executing next instruction
[2018-03-27T11:25:59.021] [ERROR] development - Error while inserting equipment_category =  { status: 0,
  message: 'Error occured while inserting equipment',
  error: 
   { errors: { name: [Object], category_id: [Object] },
     _message: 'equipments validation failed',
     message: 'equipments validation failed: name: Path `name` is required., category_id: Path `category_id` is required.',
     name: 'ValidationError' } }
[2018-03-27T11:26:00.868] [INFO] development - Image not available to upload. Executing next instruction
[2018-03-27T11:26:00.869] [ERROR] development - Error while inserting equipment_category =  { status: 0,
  message: 'Error occured while inserting equipment',
  error: 
   { errors: { name: [Object], category_id: [Object] },
     _message: 'equipments validation failed',
     message: 'equipments validation failed: name: Path `name` is required., category_id: Path `category_id` is required.',
     name: 'ValidationError' } }
[2018-03-27T11:26:01.637] [INFO] development - Image not available to upload. Executing next instruction
[2018-03-27T11:26:01.639] [ERROR] development - Error while inserting equipment_category =  { status: 0,
  message: 'Error occured while inserting equipment',
  error: 
   { errors: { name: [Object], category_id: [Object] },
     _message: 'equipments validation failed',
     message: 'equipments validation failed: name: Path `name` is required., category_id: Path `category_id` is required.',
     name: 'ValidationError' } }
[2018-03-27T11:26:40.597] [INFO] development - Image not available to upload. Executing next instruction
[2018-03-27T11:26:40.626] [ERROR] development - Error while inserting equipment_category =  { status: 0,
  message: 'Error occured while inserting equipment',
  error: 
   { errors: { name: [Object], category_id: [Object] },
     _message: 'equipments validation failed',
     message: 'equipments validation failed: name: Path `name` is required., category_id: Path `category_id` is required.',
     name: 'ValidationError' } }
[2018-03-27T11:27:05.720] [INFO] development - Image not available to upload. Executing next instruction
[2018-03-27T11:27:05.732] [ERROR] development - Error while inserting equipment_category =  { status: 0,
  message: 'Error occured while inserting equipment',
  error: 
   { errors: { name: [Object], category_id: [Object] },
     _message: 'equipments validation failed',
     message: 'equipments validation failed: name: Path `name` is required., category_id: Path `category_id` is required.',
     name: 'ValidationError' } }
[2018-03-27T11:27:20.909] [INFO] development - Image not available to upload. Executing next instruction
[2018-03-27T11:29:27.323] [ERROR] development - Validation Error =  [ { location: 'body',
    param: 'description',
    msg: 'Description is required' } ]
[2018-03-27T11:29:36.899] [ERROR] development - Validation Error =  [ { location: 'body', param: 'name', msg: 'Name is required' },
  { location: 'body',
    param: 'description',
    msg: 'Description is required' },
  { location: 'body',
    param: 'category_id',
    msg: 'Category is required' } ]
[2018-03-27T11:29:39.467] [ERROR] development - Validation Error =  [ { location: 'body',
    param: 'description',
    msg: 'Description is required' },
  { location: 'body',
    param: 'category_id',
    msg: 'Category is required' } ]
[2018-03-27T11:29:41.759] [ERROR] development - Validation Error =  [ { location: 'body',
    param: 'description',
    msg: 'Description is required' } ]
[2018-03-27T11:29:45.147] [INFO] development - Image not available to upload. Executing next instruction
[2018-03-27T11:33:06.747] [ERROR] development - Validation Error =  [ { location: 'body', param: 'name', msg: 'Name is required' },
  { location: 'body',
    param: 'description',
    msg: 'Description is required' },
  { location: 'body',
    param: 'category_id',
    msg: 'Category is required' } ]
[2018-03-27T11:34:56.454] [INFO] development - Image not available to upload. Executing next instruction
[2018-03-27T11:38:04.823] [INFO] development - Image not available to upload. Executing next instruction
[2018-03-27T11:38:57.916] [INFO] development - Image not available to upload. Executing next instruction
[2018-03-27T11:39:32.201] [INFO] development - Image not available to upload. Executing next instruction
[2018-03-27T11:39:56.595] [INFO] development - Image not available to upload. Executing next instruction
[2018-03-27T11:42:26.886] [TRACE] development - image has been uploaded. Image name =  eqipment_1522131146872.png
[2018-03-27T11:43:15.467] [TRACE] development - image has been uploaded. Image name =  eqipment_1522131195445.png
[2018-03-27T11:44:03.975] [TRACE] development - image has been uploaded. Image name =  eqipment_1522131243962.png
[2018-03-27T11:44:43.177] [TRACE] development - image has been uploaded. Image name =  eqipment_1522131283165.png
[2018-03-27T11:45:15.424] [TRACE] development - image has been uploaded. Image name =  eqipment_1522131315407.png
[2018-03-27T11:45:49.258] [TRACE] development - image has been uploaded. Image name =  eqipment_1522131349180.png
[2018-03-27T11:46:11.349] [TRACE] development - image has been uploaded. Image name =  equipment_1522131371307.png
[2018-03-27T11:46:57.586] [TRACE] development - image has been uploaded. Image name =  equipment_1522131417567.png
[2018-03-27T11:47:14.857] [ERROR] development - Validation Error =  [ { location: 'body', param: 'name', msg: 'Name is required' } ]
[2018-03-27T11:47:17.933] [ERROR] development - Validation Error =  [ { location: 'body', param: 'name', msg: 'Name is required' },
  { location: 'body',
    param: 'category_id',
    msg: 'Category is required' } ]
[2018-03-27T11:47:20.228] [ERROR] development - Validation Error =  [ { location: 'body', param: 'name', msg: 'Name is required' },
  { location: 'body',
    param: 'description',
    msg: 'Description is required' },
  { location: 'body',
    param: 'category_id',
    msg: 'Category is required' } ]
[2018-03-27T11:47:22.390] [ERROR] development - Validation Error =  [ { location: 'body', param: 'name', msg: 'Name is required' },
  { location: 'body',
    param: 'description',
    msg: 'Description is required' },
  { location: 'body',
    param: 'category_id',
    msg: 'Category is required' } ]
[2018-03-27T11:47:25.833] [ERROR] development - Validation Error =  [ { location: 'body',
    param: 'description',
    msg: 'Description is required' },
  { location: 'body',
    param: 'category_id',
    msg: 'Category is required' } ]
[2018-03-27T11:47:28.234] [ERROR] development - Validation Error =  [ { location: 'body',
    param: 'description',
    msg: 'Description is required' } ]
[2018-03-27T11:47:30.118] [INFO] development - Image not available to upload. Executing next instruction
[2018-03-27T11:48:26.865] [INFO] development - Image not available to upload. Executing next instruction
[2018-03-27T11:48:45.737] [INFO] development - Image not available to upload. Executing next instruction
[2018-03-27T11:49:08.746] [INFO] development - Image not available to upload. Executing next instruction
[2018-03-27T11:49:11.388] [TRACE] development - image has been uploaded. Image name =  equipment_1522131551377.png
[2018-03-27T11:49:34.488] [ERROR] development - Image format is invalid
[2018-03-27T11:50:50.417] [TRACE] development - image has been uploaded. Image name =  equipment_1522131650409.png
[2018-03-27T12:03:00.915] [TRACE] development - image has been uploaded. Image name =  equipment_1522132380887.png
[2018-03-27T12:03:56.748] [TRACE] development - image has been uploaded. Image name =  equipment_1522132436740.png
[2018-03-27T12:04:40.442] [TRACE] development - image has been uploaded. Image name =  equipment_1522132480421.png
[2018-03-27T12:05:26.916] [TRACE] development - image has been uploaded. Image name =  equipment_1522132526912.png
[2018-03-27T12:06:01.360] [TRACE] development - image has been uploaded. Image name =  equipment_1522132561356.png
[2018-03-27T12:07:49.036] [TRACE] development - image has been uploaded. Image name =  equipment_1522132669000.png
[2018-03-27T12:08:25.734] [TRACE] development - image has been uploaded. Image name =  equipment_1522132705695.png
[2018-03-27T12:09:14.889] [TRACE] development - image has been uploaded. Image name =  equipment_1522132754856.png
[2018-03-27T12:09:15.838] [TRACE] development - image has been uploaded. Image name =  equipment_1522132755824.png
[2018-03-27T12:09:16.745] [TRACE] development - image has been uploaded. Image name =  equipment_1522132756736.png
[2018-03-27T12:09:50.944] [TRACE] development - image has been uploaded. Image name =  equipment_1522132790846.png
[2018-03-27T12:10:10.738] [TRACE] development - image has been uploaded. Image name =  equipment_1522132810710.png
[2018-03-27T12:10:15.886] [TRACE] development - image has been uploaded. Image name =  equipment_1522132815833.png
[2018-03-27T12:10:46.997] [TRACE] development - image has been uploaded. Image name =  equipment_1522132846969.png
[2018-03-27T12:11:00.731] [INFO] development - Image not available to upload. Executing next instruction
[2018-03-27T12:11:35.470] [INFO] development - Image not available to upload. Executing next instruction
[2018-03-27T12:11:59.959] [INFO] development - Image not available to upload. Executing next instruction
[2018-03-27T12:12:06.931] [INFO] development - Image not available to upload. Executing next instruction
[2018-03-27T12:12:41.909] [INFO] development - Image not available to upload. Executing next instruction
[2018-03-27T12:13:05.300] [INFO] development - Image not available to upload. Executing next instruction
[2018-03-27T12:13:17.369] [INFO] development - Image not available to upload. Executing next instruction
[2018-03-27T12:13:20.653] [TRACE] development - image has been uploaded. Image name =  equipment_1522133000644.png
[2018-03-27T12:13:35.966] [TRACE] development - image has been uploaded. Image name =  equipment_1522133015932.png
[2018-03-27T12:13:39.851] [INFO] development - Image not available to upload. Executing next instruction
[2018-03-27T12:13:41.412] [INFO] development - Image not available to upload. Executing next instruction
[2018-03-27T12:13:47.185] [TRACE] development - image has been uploaded. Image name =  equipment_1522133027169.png
[2018-03-27T12:13:59.040] [TRACE] development - image has been uploaded. Image name =  equipment_1522133039024.png
[2018-03-27T12:14:30.080] [TRACE] development - image has been uploaded. Image name =  equipment_1522133069994.png
[2018-03-27T12:14:54.084] [TRACE] development - image has been uploaded. Image name =  equipment_1522133094056.png
[2018-03-27T12:15:02.989] [TRACE] development - image has been uploaded. Image name =  equipment_1522133102978.png
[2018-03-27T12:15:04.979] [TRACE] development - image has been uploaded. Image name =  equipment_1522133104973.png
[2018-03-27T12:15:06.298] [TRACE] development - image has been uploaded. Image name =  equipment_1522133106272.png
[2018-03-27T12:15:21.347] [TRACE] development - image has been uploaded. Image name =  equipment_1522133121297.png
[2018-03-27T12:15:38.364] [TRACE] development - image has been uploaded. Image name =  equipment_1522133138264.png
[2018-03-27T12:15:48.564] [INFO] development - Image not available to upload. Executing next instruction
[2018-03-27T12:46:13.223] [TRACE] development - Get all equipment API called
[2018-03-27T12:46:13.235] [TRACE] development - Equipments got successfully =  { status: 1,
  message: 'Equipments found',
  equipments: 
   [ { status: true,
       createdAt: '2018-03-27T06:34:40.427Z',
       modifiedAt: '2018-03-27T06:34:40.427Z',
       _id: '5ab9e6003e44a31c604a8571',
       name: 'amit',
       description: 'demo amit',
       category_id: '5ab9d739f25abc2940429b01',
       image: 'upload/equipment/equipment_1522133138264.png' } ] }
[2018-03-27T12:59:41.112] [TRACE] development - Get all equipment API called
[2018-03-27T12:59:41.122] [TRACE] development - Equipments got successfully =  { status: 1,
  message: 'Equipments found',
  equipments: 
   [ { status: true,
       createdAt: '2018-03-27T06:34:40.427Z',
       modifiedAt: '2018-03-27T06:34:40.427Z',
       _id: '5ab9e6003e44a31c604a8571',
       name: 'amit',
       description: 'demo amit',
       category_id: '5ab9d739f25abc2940429b01',
       image: 'upload/equipment/equipment_1522133138264.png' } ] }
[2018-03-27T13:01:50.125] [TRACE] development - Get all equipment API called
[2018-03-27T13:01:50.142] [TRACE] development - Equipments got successfully =  { status: 1,
  message: 'Equipments found',
  equipments: 
   [ { status: true,
       createdAt: '2018-03-27T06:34:40.427Z',
       modifiedAt: '2018-03-27T06:34:40.427Z',
       _id: '5ab9e6003e44a31c604a8571',
       name: 'amit',
       description: 'demo amit',
       category_id: '5ab9d739f25abc2940429b01',
       image: 'upload/equipment/equipment_1522133138264.png' } ] }
[2018-03-27T13:03:43.064] [TRACE] development - Get all equipment API called
[2018-03-27T13:03:43.080] [TRACE] development - Equipments got successfully =  { status: 1,
  message: 'Equipments found',
  equipments: 
   [ { status: true,
       createdAt: '2018-03-27T06:34:40.427Z',
       modifiedAt: '2018-03-27T06:34:40.427Z',
       _id: '5ab9e6003e44a31c604a8571',
       name: 'amit',
       description: 'demo amit',
       category_id: '5ab9d739f25abc2940429b01',
       image: 'upload/equipment/equipment_1522133138264.png' } ] }
[2018-03-27T13:03:46.204] [TRACE] development - Get all equipment API called
[2018-03-27T13:04:21.982] [TRACE] development - Get all equipment API called
[2018-03-27T13:04:21.995] [TRACE] development - Equipments got successfully =  { status: 1,
  message: 'Equipments found',
  equipments: 
   [ { status: true,
       createdAt: '2018-03-27T06:34:40.427Z',
       modifiedAt: '2018-03-27T06:34:40.427Z',
       _id: '5ab9e6003e44a31c604a8571',
       name: 'amit',
       description: 'demo amit',
       category_id: '5ab9d739f25abc2940429b01',
       image: 'upload/equipment/equipment_1522133138264.png' } ] }
[2018-03-27T13:04:39.237] [TRACE] development - Get all equipment API called
[2018-03-27T13:04:49.943] [TRACE] development - Get all equipment API called
[2018-03-27T13:05:06.906] [TRACE] development - Get all equipment API called
[2018-03-27T13:05:06.918] [TRACE] development - Equipments got successfully =  { status: 1, message: 'Equipments found', equipments: [] }
[2018-03-27T13:05:43.470] [TRACE] development - Get all equipment API called
[2018-03-27T13:05:43.485] [TRACE] development - Equipments got successfully =  { status: 1, message: 'Equipments found', equipments: [] }
[2018-03-27T13:06:05.914] [TRACE] development - Get all equipment API called
[2018-03-27T13:06:05.926] [TRACE] development - Equipments got successfully =  { status: 1,
  message: 'Equipments found',
  equipments: 
   [ { status: true,
       createdAt: '2018-03-27T06:34:40.427Z',
       modifiedAt: '2018-03-27T06:34:40.427Z',
       _id: '5ab9e6003e44a31c604a8571',
       name: 'amit',
       description: 'demo amit',
       category_id: '5ab9d739f25abc2940429b01',
       image: 'upload/equipment/equipment_1522133138264.png' } ] }
[2018-03-27T14:13:53.835] [TRACE] development - Get all equipment API called
[2018-03-27T14:13:53.837] [TRACE] development - Equipments got successfully =  { status: 1,
  message: 'Equipments found',
  equipments: 
   [ { status: true,
       createdAt: '2018-03-27T06:34:40.427Z',
       modifiedAt: '2018-03-27T06:34:40.427Z',
       _id: '5ab9e6003e44a31c604a8571',
       name: 'amit',
       description: 'demo amit',
       category_id: '5ab9d739f25abc2940429b01',
       image: 'upload/equipment/equipment_1522133138264.png' } ] }
[2018-03-27T14:14:02.637] [INFO] development - Image not available to upload. Executing next instruction
[2018-03-27T14:14:25.377] [INFO] development - Image not available to upload. Executing next instruction
[2018-03-27T14:14:30.337] [INFO] development - Image not available to upload. Executing next instruction
[2018-03-27T14:14:42.023] [INFO] development - Image not available to upload. Executing next instruction
[2018-03-27T14:14:46.819] [INFO] development - Image not available to upload. Executing next instruction
[2018-03-27T14:15:02.280] [INFO] development - Image not available to upload. Executing next instruction
[2018-03-27T14:15:04.666] [INFO] development - Image not available to upload. Executing next instruction
[2018-03-27T14:15:14.894] [TRACE] development - Get all equipment API called
[2018-03-27T14:15:14.896] [TRACE] development - Equipments got successfully =  { status: 1,
  message: 'Equipments found',
  equipments: 
   [ { status: true,
       createdAt: '2018-03-27T06:34:40.427Z',
       modifiedAt: '2018-03-27T06:34:40.427Z',
       _id: '5ab9e6003e44a31c604a8571',
       name: 'amit',
       description: 'demo amit',
       category_id: '5ab9d739f25abc2940429b01',
       image: 'upload/equipment/equipment_1522133138264.png' },
     { status: true,
       createdAt: '2018-03-27T08:44:02.643Z',
       modifiedAt: '2018-03-27T08:44:02.643Z',
       _id: '5aba0452961e1a1b08b2337a',
       name: 'amit',
       description: 'demo amit',
       category_id: '5ab9d739f25abc2940429b01',
       image: 'upload/equipment/undefined' },
     { status: true,
       createdAt: '2018-03-27T08:44:25.380Z',
       modifiedAt: '2018-03-27T08:44:25.380Z',
       _id: '5aba0469961e1a1b08b2337b',
       name: 'amit',
       description: 'demo amit',
       category_id: '5ab9d739f25abc2940429b01',
       image: 'upload/equipment/undefined' },
     { status: true,
       createdAt: '2018-03-27T08:44:30.339Z',
       modifiedAt: '2018-03-27T08:44:30.339Z',
       _id: '5aba046e961e1a1b08b2337c',
       name: 'amit',
       description: 'demo amit',
       category_id: '5ab9d739f25abc2940429b01',
       image: 'upload/equipment/undefined' },
     { status: true,
       createdAt: '2018-03-27T08:44:42.025Z',
       modifiedAt: '2018-03-27T08:44:42.025Z',
       _id: '5aba047a961e1a1b08b2337d',
       name: 'amit',
       description: 'demo amit',
       category_id: '5ab9d739f25abc2940429b01',
       image: 'upload/equipment/undefined' },
     { status: true,
       createdAt: '2018-03-27T08:44:46.820Z',
       modifiedAt: '2018-03-27T08:44:46.820Z',
       _id: '5aba047e961e1a1b08b2337e',
       name: 'amit',
       description: 'demo amit',
       category_id: '5ab9d739f25abc2940429b01',
       image: 'upload/equipment/undefined' },
     { status: true,
       createdAt: '2018-03-27T08:45:02.281Z',
       modifiedAt: '2018-03-27T08:45:02.281Z',
       _id: '5aba048e961e1a1b08b2337f',
       name: 'amit',
       description: 'demo amit',
       category_id: '5ab9d739f25abc2940429b01',
       image: 'upload/equipment/undefined' },
     { status: true,
       createdAt: '2018-03-27T08:45:04.668Z',
       modifiedAt: '2018-03-27T08:45:04.668Z',
       _id: '5aba0490961e1a1b08b23380',
       name: 'amit',
       description: 'demo amit',
       category_id: '5ab9d739f25abc2940429b01',
       image: 'upload/equipment/undefined' } ] }
[2018-03-27T14:15:26.608] [TRACE] development - Get all equipment API called
[2018-03-27T14:15:26.609] [TRACE] development - Equipments got successfully =  { status: 1,
  message: 'Equipments found',
  equipments: 
   [ { status: true,
       createdAt: '2018-03-27T08:45:02.281Z',
       modifiedAt: '2018-03-27T08:45:02.281Z',
       _id: '5aba048e961e1a1b08b2337f',
       name: 'amit',
       description: 'demo amit',
       category_id: '5ab9d739f25abc2940429b01',
       image: 'upload/equipment/undefined' } ] }
[2018-03-27T14:16:00.240] [INFO] development - Image not available to upload. Executing next instruction
[2018-03-27T14:25:20.115] [TRACE] development - Get all equipment API called
[2018-03-27T14:25:20.127] [TRACE] development - Equipments got successfully =  { status: 1,
  message: 'Equipments found',
  equipments: 
   [ { status: true,
       createdAt: '2018-03-27T08:45:02.281Z',
       modifiedAt: '2018-03-27T08:45:02.281Z',
       _id: '5aba048e961e1a1b08b2337f',
       name: 'amit',
       description: 'demo amit',
       category_id: '5ab9d739f25abc2940429b01',
       image: 'upload/equipment/undefined' } ] }
[2018-03-27T15:53:23.498] [TRACE] development - Get all equipment_category API called
[2018-03-27T15:54:22.914] [TRACE] development - Get all equipment_category API called
[2018-03-27T15:54:47.114] [TRACE] development - Get all equipment_category API called
[2018-03-27T15:54:47.126] [TRACE] development - Equipment category got successfully =  { status: 1, message: 'Exercise Types found', equipments: [] }
[2018-03-27T16:22:44.549] [TRACE] development - Get all Exercise_types API called
[2018-03-27T16:22:44.559] [TRACE] development - Exercise types got successfully =  { status: 1,
  message: 'Exercise Types found',
  equipments: 
   [ { createdAt: '2018-03-27T10:52:25.522Z',
       modifiedAt: '2018-03-27T10:52:25.522Z',
       _id: '5aba22696b8faa30483368ff',
       name: 'amit',
       description: 'demo amit' } ] }
[2018-03-27T16:23:00.813] [TRACE] development - Get all Exercise_types API called
[2018-03-27T16:23:00.815] [TRACE] development - Exercise types got successfully =  { status: 1,
  message: 'Exercise Types found',
  equipments: 
   [ { createdAt: '2018-03-27T10:52:25.522Z',
       modifiedAt: '2018-03-27T10:52:25.522Z',
       _id: '5aba22696b8faa30483368ff',
       name: 'amit',
       description: 'demo amit' } ] }
[2018-03-27T16:23:55.974] [TRACE] development - Get all Exercise_types API called
[2018-03-27T16:23:55.975] [TRACE] development - Exercise types got successfully =  { status: 1,
  message: 'Exercise Types found',
  equipments: 
   [ { createdAt: '2018-03-27T10:52:25.522Z',
       modifiedAt: '2018-03-27T10:52:25.522Z',
       _id: '5aba22696b8faa30483368ff',
       name: 'amit',
       description: 'demo amit' },
     { createdAt: '2018-03-27T10:53:23.713Z',
       modifiedAt: '2018-03-27T10:53:23.713Z',
       _id: '5aba22a36b8faa3048336900',
       name: 'dummy',
       description: 'dummy description' } ] }
[2018-03-27T16:29:06.515] [TRACE] development - Get all Exercise_types API called
[2018-03-27T16:29:06.521] [TRACE] development - Exercise types got successfully =  { status: 1,
  message: 'Exercise Types found',
  equipments: 
   [ { createdAt: '2018-03-27T10:52:25.522Z',
       modifiedAt: '2018-03-27T10:52:25.522Z',
       _id: '5aba22696b8faa30483368ff',
       name: 'milan',
       description: 'milan desc' },
     { createdAt: '2018-03-27T10:53:23.713Z',
       modifiedAt: '2018-03-27T10:53:23.713Z',
       _id: '5aba22a36b8faa3048336900',
       name: 'dummy',
       description: 'dummy description' } ] }
[2018-03-27T16:36:06.418] [TRACE] development - Get all Exercise_types API called
[2018-03-27T16:36:06.432] [TRACE] development - Exercise types got successfully =  { status: 1,
  message: 'Exercise Types found',
  equipments: 
   [ { createdAt: '2018-03-27T10:52:25.522Z',
       modifiedAt: '2018-03-27T10:52:25.522Z',
       _id: '5aba22696b8faa30483368ff',
       name: 'milan',
       description: 'milan desc' },
     { createdAt: '2018-03-27T10:53:23.713Z',
       modifiedAt: '2018-03-27T10:53:23.713Z',
       _id: '5aba22a36b8faa3048336900',
       name: 'dummy',
       description: 'dummy description' } ] }
[2018-03-27T16:36:18.543] [TRACE] development - Delete Exercise Type  API - Id =  null
[2018-03-27T16:36:24.805] [TRACE] development - Get all Exercise_types API called
[2018-03-27T16:36:24.807] [TRACE] development - Exercise types got successfully =  { status: 1,
  message: 'Exercise Types found',
  equipments: 
   [ { createdAt: '2018-03-27T10:53:23.713Z',
       modifiedAt: '2018-03-27T10:53:23.713Z',
       _id: '5aba22a36b8faa3048336900',
       name: 'dummy',
       description: 'dummy description' } ] }
[2018-03-27T16:36:44.411] [TRACE] development - Get all Exercise_types API called
[2018-03-27T16:36:44.412] [TRACE] development - Exercise types got successfully =  { status: 1,
  message: 'Exercise Types found',
  equipments: 
   [ { createdAt: '2018-03-27T10:53:23.713Z',
       modifiedAt: '2018-03-27T10:53:23.713Z',
       _id: '5aba22a36b8faa3048336900',
       name: 'dummy',
       description: 'dummy description' },
     { createdAt: '2018-03-27T11:06:37.612Z',
       modifiedAt: '2018-03-27T11:06:37.613Z',
       _id: '5aba25bdf7da222d3417d2d4',
       name: '123',
       description: '2345' },
     { createdAt: '2018-03-27T11:06:39.714Z',
       modifiedAt: '2018-03-27T11:06:39.714Z',
       _id: '5aba25bff7da222d3417d2d5',
       name: '123sfsdf',
       description: '2345sdfsdf' },
     { createdAt: '2018-03-27T11:06:41.829Z',
       modifiedAt: '2018-03-27T11:06:41.829Z',
       _id: '5aba25c1f7da222d3417d2d6',
       name: '123sfsdfsfsdf',
       description: '2345sdfsdfsafsadfsdf' } ] }
[2018-03-27T16:37:09.882] [TRACE] development - Get all Exercise_types API called
[2018-03-27T16:37:09.886] [TRACE] development - Exercise types got successfully =  { status: 1,
  message: 'Exercise Types found',
  equipments: 
   [ { createdAt: '2018-03-27T10:53:23.713Z',
       modifiedAt: '2018-03-27T10:53:23.713Z',
       _id: '5aba22a36b8faa3048336900',
       name: 'dummy',
       description: 'dummy description' },
     { createdAt: '2018-03-27T11:06:37.612Z',
       modifiedAt: '2018-03-27T11:06:37.613Z',
       _id: '5aba25bdf7da222d3417d2d4',
       name: '123',
       description: '2345' },
     { createdAt: '2018-03-27T11:06:39.714Z',
       modifiedAt: '2018-03-27T11:06:39.714Z',
       _id: '5aba25bff7da222d3417d2d5',
       name: '123sfsdf',
       description: '2345sdfsdf' },
     { createdAt: '2018-03-27T11:06:41.829Z',
       modifiedAt: '2018-03-27T11:06:41.829Z',
       _id: '5aba25c1f7da222d3417d2d6',
       name: 'demo name',
       description: 'demo desc' } ] }
[2018-03-27T16:37:34.092] [TRACE] development - Get all Exercise_types API called
[2018-03-27T16:37:34.093] [TRACE] development - Exercise types got successfully =  { status: 1,
  message: 'Exercise Types found',
  equipments: 
   [ { createdAt: '2018-03-27T10:53:23.713Z',
       modifiedAt: '2018-03-27T10:53:23.713Z',
       _id: '5aba22a36b8faa3048336900',
       name: 'dummy',
       description: 'dummy description' },
     { createdAt: '2018-03-27T11:06:37.612Z',
       modifiedAt: '2018-03-27T11:06:37.613Z',
       _id: '5aba25bdf7da222d3417d2d4',
       name: '123',
       description: '2345' },
     { createdAt: '2018-03-27T11:06:39.714Z',
       modifiedAt: '2018-03-27T11:06:39.714Z',
       _id: '5aba25bff7da222d3417d2d5',
       name: 'demo 2',
       description: 'demo 2' },
     { createdAt: '2018-03-27T11:06:41.829Z',
       modifiedAt: '2018-03-27T11:06:41.829Z',
       _id: '5aba25c1f7da222d3417d2d6',
       name: 'demo name',
       description: 'demo desc' } ] }
[2018-03-27T16:37:42.792] [TRACE] development - Delete Exercise Type  API - Id =  null
[2018-03-27T16:37:46.690] [TRACE] development - Get all Exercise_types API called
[2018-03-27T16:37:46.692] [TRACE] development - Exercise types got successfully =  { status: 1,
  message: 'Exercise Types found',
  equipments: 
   [ { createdAt: '2018-03-27T10:53:23.713Z',
       modifiedAt: '2018-03-27T10:53:23.713Z',
       _id: '5aba22a36b8faa3048336900',
       name: 'dummy',
       description: 'dummy description' },
     { createdAt: '2018-03-27T11:06:37.612Z',
       modifiedAt: '2018-03-27T11:06:37.613Z',
       _id: '5aba25bdf7da222d3417d2d4',
       name: '123',
       description: '2345' },
     { createdAt: '2018-03-27T11:06:41.829Z',
       modifiedAt: '2018-03-27T11:06:41.829Z',
       _id: '5aba25c1f7da222d3417d2d6',
       name: 'demo name',
       description: 'demo desc' } ] }
[2018-03-27T16:37:58.054] [TRACE] development - Delete Exercise Type  API - Id =  null
[2018-03-27T16:38:01.502] [TRACE] development - Get all Exercise_types API called
[2018-03-27T16:38:01.504] [TRACE] development - Exercise types got successfully =  { status: 1,
  message: 'Exercise Types found',
  equipments: 
   [ { createdAt: '2018-03-27T10:53:23.713Z',
       modifiedAt: '2018-03-27T10:53:23.713Z',
       _id: '5aba22a36b8faa3048336900',
       name: 'dummy',
       description: 'dummy description' },
     { createdAt: '2018-03-27T11:06:37.612Z',
       modifiedAt: '2018-03-27T11:06:37.613Z',
       _id: '5aba25bdf7da222d3417d2d4',
       name: '123',
       description: '2345' } ] }
[2018-03-27T16:38:07.885] [TRACE] development - Delete Exercise Type  API - Id =  null
[2018-03-27T16:38:10.814] [TRACE] development - Get all Exercise_types API called
[2018-03-27T16:38:10.815] [TRACE] development - Exercise types got successfully =  { status: 1,
  message: 'Exercise Types found',
  equipments: 
   [ { createdAt: '2018-03-27T11:06:37.612Z',
       modifiedAt: '2018-03-27T11:06:37.613Z',
       _id: '5aba25bdf7da222d3417d2d4',
       name: '123',
       description: '2345' } ] }
[2018-03-27T16:38:15.004] [TRACE] development - Delete Exercise Type  API - Id =  null
[2018-03-27T16:38:21.068] [TRACE] development - Get all Exercise_types API called
[2018-03-27T16:38:21.070] [TRACE] development - Exercise types got successfully =  { status: 1, message: 'Exercise Types found', equipments: [] }
[2018-03-27T16:47:28.688] [TRACE] development - Get all Exercise_types API called
[2018-03-27T16:47:28.696] [TRACE] development - Exercise types got successfully =  { status: 1, message: 'Exercise Types found', equipments: [] }
[2018-03-27T16:47:55.561] [TRACE] development - Get all Exercise_types API called
[2018-03-27T16:47:55.562] [TRACE] development - Exercise types got successfully =  { status: 1, message: 'Exercise Types found', equipments: [] }
[2018-03-27T16:49:59.100] [ERROR] development - Validation Error =  [ { location: 'body', param: 'name', msg: 'Name is required' },
  { location: 'body',
    param: 'description',
    msg: 'Description is required' } ]
[2018-03-27T16:51:38.602] [TRACE] development - Delete Exercise Type  API - Id =  null
[2018-03-28T11:57:42.485] [TRACE] development - Get all exercise API called
[2018-03-28T11:57:42.493] [TRACE] development - Exercises got successfully =  { status: 1, message: 'Exercise found', exercises: [] }
[2018-03-28T12:08:56.749] [TRACE] development - Get all equipment API called
[2018-03-28T12:08:56.753] [ERROR] development - Error occured while fetching exercise =  { status: 0,
  message: 'Error occured while finding exercise',
  error: 
   { message: 'Cast to ObjectId failed for value "sdfsdfsdfsd" at path "_id" for model "exercise"',
     name: 'CastError',
     stringValue: '"sdfsdfsdfsd"',
     kind: 'ObjectId',
     value: 'sdfsdfsdfsd',
     path: '_id' } }
[2018-03-28T12:09:14.803] [TRACE] development - Get all equipment API called
[2018-03-28T12:09:14.804] [ERROR] development - Error occured while fetching exercise =  { status: 0,
  message: 'Error occured while finding exercise',
  error: 
   { message: 'Cast to ObjectId failed for value "1234567890" at path "_id" for model "exercise"',
     name: 'CastError',
     stringValue: '"1234567890"',
     kind: 'ObjectId',
     value: '1234567890',
     path: '_id' } }
[2018-03-28T12:09:32.324] [TRACE] development - Get all equipment API called
[2018-03-28T12:09:32.324] [ERROR] development - Error occured while fetching exercise =  { status: 0,
  message: 'Error occured while finding exercise',
  error: 
   { message: 'Cast to ObjectId failed for value "1234567890" at path "_id" for model "exercise"',
     name: 'CastError',
     stringValue: '"1234567890"',
     kind: 'ObjectId',
     value: '1234567890',
     path: '_id' } }
[2018-03-28T12:10:13.134] [TRACE] development - Get all equipment API called
[2018-03-28T12:10:13.134] [ERROR] development - Error occured while fetching exercise =  { status: 0,
  message: 'Error occured while finding exercise',
  error: 
   { message: 'Cast to ObjectId failed for value "1234567890" at path "_id" for model "exercise"',
     name: 'CastError',
     stringValue: '"1234567890"',
     kind: 'ObjectId',
     value: '1234567890',
     path: '_id' } }
[2018-03-28T12:10:25.274] [TRACE] development - Get all equipment API called
[2018-03-28T12:10:25.274] [ERROR] development - Error occured while fetching exercise =  { status: 0,
  message: 'Error occured while finding exercise',
  error: 
   { message: 'Cast to ObjectId failed for value "fgfsdfsdf" at path "_id" for model "exercise"',
     name: 'CastError',
     stringValue: '"fgfsdfsdf"',
     kind: 'ObjectId',
     value: 'fgfsdfsdf',
     path: '_id' } }
[2018-03-28T12:10:26.375] [TRACE] development - Get all equipment API called
[2018-03-28T12:10:26.375] [ERROR] development - Error occured while fetching exercise =  { status: 0,
  message: 'Error occured while finding exercise',
  error: 
   { message: 'Cast to ObjectId failed for value "fgfsdfsdf" at path "_id" for model "exercise"',
     name: 'CastError',
     stringValue: '"fgfsdfsdf"',
     kind: 'ObjectId',
     value: 'fgfsdfsdf',
     path: '_id' } }
[2018-03-28T12:10:36.247] [TRACE] development - Get all exercise API called
[2018-03-28T12:10:36.250] [TRACE] development - Exercises got successfully =  { status: 1, message: 'Exercise found', exercises: [] }
[2018-03-28T12:10:39.463] [TRACE] development - Get all equipment API called
[2018-03-28T12:10:39.463] [ERROR] development - Error occured while fetching exercise =  { status: 0,
  message: 'Error occured while finding exercise',
  error: 
   { message: 'Cast to ObjectId failed for value "dfdsfsdfs" at path "_id" for model "exercise"',
     name: 'CastError',
     stringValue: '"dfdsfsdfs"',
     kind: 'ObjectId',
     value: 'dfdsfsdfs',
     path: '_id' } }
[2018-03-28T12:10:54.428] [TRACE] development - Get all equipment API called
[2018-03-28T12:10:54.429] [ERROR] development - Error occured while fetching exercise =  { status: 0,
  message: 'Error occured while finding exercise',
  error: 
   { message: 'Cast to ObjectId failed for value "dfdsfsdfs" at path "_id" for model "exercise"',
     name: 'CastError',
     stringValue: '"dfdsfsdfs"',
     kind: 'ObjectId',
     value: 'dfdsfsdfs',
     path: '_id' } }
[2018-03-28T12:10:56.625] [TRACE] development - Get all exercise API called
[2018-03-28T12:10:56.627] [TRACE] development - Exercises got successfully =  { status: 1, message: 'Exercise found', exercises: [] }
[2018-03-28T12:12:38.062] [TRACE] development - Get all equipment API called
[2018-03-28T12:12:38.062] [ERROR] development - Error occured while fetching exercise =  { status: 0,
  message: 'Error occured while finding exercise',
  error: 
   { message: 'Cast to ObjectId failed for value "fgsfdsfsdf" at path "_id" for model "exercise"',
     name: 'CastError',
     stringValue: '"fgsfdsfsdf"',
     kind: 'ObjectId',
     value: 'fgsfdsfsdf',
     path: '_id' } }
[2018-03-28T12:13:15.371] [TRACE] development - Get all equipment API called
[2018-03-28T12:13:15.372] [ERROR] development - Error occured while fetching exercise =  { status: 0,
  message: 'Error occured while finding exercise',
  error: 
   { message: 'Cast to ObjectId failed for value "fgsfdsfsdf" at path "_id" for model "exercise"',
     name: 'CastError',
     stringValue: '"fgsfdsfsdf"',
     kind: 'ObjectId',
     value: 'fgsfdsfsdf',
     path: '_id' } }
[2018-03-28T12:13:34.578] [TRACE] development - Get all equipment API called
[2018-03-28T12:13:34.578] [ERROR] development - Error occured while fetching exercise =  { status: 0,
  message: 'Error occured while finding exercise',
  error: 
   { message: 'Cast to ObjectId failed for value "fgsfdsfsdf" at path "_id" for model "exercise"',
     name: 'CastError',
     stringValue: '"fgsfdsfsdf"',
     kind: 'ObjectId',
     value: 'fgsfdsfsdf',
     path: '_id' } }
[2018-03-28T12:13:35.779] [TRACE] development - Get all equipment API called
[2018-03-28T12:13:35.779] [ERROR] development - Error occured while fetching exercise =  { status: 0,
  message: 'Error occured while finding exercise',
  error: 
   { message: 'Cast to ObjectId failed for value "fgsfdsfsdf" at path "_id" for model "exercise"',
     name: 'CastError',
     stringValue: '"fgsfdsfsdf"',
     kind: 'ObjectId',
     value: 'fgsfdsfsdf',
     path: '_id' } }
[2018-03-28T12:13:36.463] [TRACE] development - Get all equipment API called
[2018-03-28T12:13:36.465] [ERROR] development - Error occured while fetching exercise =  { status: 0,
  message: 'Error occured while finding exercise',
  error: 
   { message: 'Cast to ObjectId failed for value "fgsfdsfsdf" at path "_id" for model "exercise"',
     name: 'CastError',
     stringValue: '"fgsfdsfsdf"',
     kind: 'ObjectId',
     value: 'fgsfdsfsdf',
     path: '_id' } }
[2018-03-28T12:13:37.225] [TRACE] development - Get all equipment API called
[2018-03-28T12:13:37.226] [ERROR] development - Error occured while fetching exercise =  { status: 0,
  message: 'Error occured while finding exercise',
  error: 
   { message: 'Cast to ObjectId failed for value "fgsfdsfsdf" at path "_id" for model "exercise"',
     name: 'CastError',
     stringValue: '"fgsfdsfsdf"',
     kind: 'ObjectId',
     value: 'fgsfdsfsdf',
     path: '_id' } }
[2018-03-28T12:13:42.646] [TRACE] development - Get all equipment API called
[2018-03-28T12:13:42.646] [ERROR] development - Error occured while fetching exercise =  { status: 0,
  message: 'Error occured while finding exercise',
  error: 
   { message: 'Cast to ObjectId failed for value "fgsfdsfsdf" at path "_id" for model "exercise"',
     name: 'CastError',
     stringValue: '"fgsfdsfsdf"',
     kind: 'ObjectId',
     value: 'fgsfdsfsdf',
     path: '_id' } }
[2018-03-28T12:13:43.713] [TRACE] development - Get all equipment API called
[2018-03-28T12:13:43.714] [ERROR] development - Error occured while fetching exercise =  { status: 0,
  message: 'Error occured while finding exercise',
  error: 
   { message: 'Cast to ObjectId failed for value "fgsfdsfsdf" at path "_id" for model "exercise"',
     name: 'CastError',
     stringValue: '"fgsfdsfsdf"',
     kind: 'ObjectId',
     value: 'fgsfdsfsdf',
     path: '_id' } }
[2018-03-28T12:13:44.350] [TRACE] development - Get all equipment API called
[2018-03-28T12:13:44.351] [ERROR] development - Error occured while fetching exercise =  { status: 0,
  message: 'Error occured while finding exercise',
  error: 
   { message: 'Cast to ObjectId failed for value "fgsfdsfsdf" at path "_id" for model "exercise"',
     name: 'CastError',
     stringValue: '"fgsfdsfsdf"',
     kind: 'ObjectId',
     value: 'fgsfdsfsdf',
     path: '_id' } }
[2018-03-28T12:13:56.652] [TRACE] development - Get all equipment API called
[2018-03-28T12:13:56.653] [ERROR] development - Error occured while fetching exercise =  { status: 0,
  message: 'Error occured while finding exercise',
  error: 
   { message: 'Cast to ObjectId failed for value "fgsfdsfsdf" at path "_id" for model "exercise"',
     name: 'CastError',
     stringValue: '"fgsfdsfsdf"',
     kind: 'ObjectId',
     value: 'fgsfdsfsdf',
     path: '_id' } }
[2018-03-28T12:14:09.553] [TRACE] development - Get all equipment API called
[2018-03-28T12:14:09.555] [TRACE] development - Exercises got successfully =  { status: 1, message: 'exercise found', exercise: [] }
[2018-03-28T12:14:25.183] [TRACE] development - Get all equipment API called
[2018-03-28T12:14:25.184] [TRACE] development - Exercises got successfully =  { status: 1, message: 'exercise found', exercise: [] }
[2018-03-28T12:14:30.032] [TRACE] development - Get all exercise API called
[2018-03-28T12:14:30.033] [TRACE] development - Exercises got successfully =  { status: 1, message: 'Exercise found', exercises: [] }
[2018-03-28T12:14:44.537] [TRACE] development - Get all exercise API called
[2018-03-28T12:14:44.538] [TRACE] development - Exercises got successfully =  { status: 1, message: 'Exercise found', exercises: [] }
[2018-03-28T12:16:57.487] [TRACE] development - Get all exercise API called
[2018-03-28T12:16:57.498] [TRACE] development - Exercises got successfully =  { status: 1, message: 'exercise found', exercise: [] }
[2018-03-28T12:17:31.658] [TRACE] development - Get all exercise API called
[2018-03-28T12:17:31.665] [TRACE] development - Exercises got successfully =  { status: 1, message: 'exercise found', exercise: [] }
[2018-03-28T14:14:11.246] [ERROR] development - Validation Error =  [ { location: 'body', param: 'name', msg: 'Name is required' } ]
[2018-03-28T14:14:19.894] [ERROR] development - Validation Error =  [ { location: 'body', param: 'name', msg: 'Name is required' },
  { location: 'body',
    param: 'mainMuscleGroup',
    msg: 'mainMuscleGroup is required' },
  { location: 'body',
    param: 'detailedMuscleGroup',
    msg: 'detailedMuscleGroup is required' },
  { location: 'body', param: 'type', msg: 'type\t is required' },
  { location: 'body',
    param: 'equipments',
    msg: 'equipments is required' },
  { location: 'body',
    param: 'difficltyLevel',
    msg: 'difficltyLevel is required' } ]
[2018-03-28T14:17:21.165] [ERROR] development - Validation Error =  [ { location: 'body', param: 'name', msg: 'Name is required' },
  { location: 'body',
    param: 'mainMuscleGroup',
    msg: 'mainMuscleGroup is required' },
  { location: 'body',
    param: 'detailedMuscleGroup',
    msg: 'detailedMuscleGroup is required' },
  { location: 'body', param: 'type', msg: 'type\t is required' },
  { location: 'body',
    param: 'equipments',
    msg: 'equipments is required' },
  { location: 'body',
    param: 'difficltyLevel',
    msg: 'difficltyLevel is required' } ]
[2018-03-28T14:17:32.707] [INFO] development - Image not available to upload. Executing next instruction
[2018-03-28T14:18:22.667] [INFO] development - Image not available to upload. Executing next instruction
[2018-03-28T14:19:14.845] [INFO] development - Image not available to upload. Executing next instruction
[2018-03-28T14:19:14.863] [ERROR] development - Error while inserting exercise data =  { status: 0,
  message: 'Error occured while inserting Exercise',
  error: 
   { errors: 
      { mainMuscleGroup: [Object],
        otherMuscleGroup: [Object],
        type: [Object],
        mechanics: [Object],
        difficltyLevel: [Object],
        measures: [Object] },
     _message: 'exercise validation failed',
     message: 'exercise validation failed: mainMuscleGroup: Cast to ObjectID failed for value "mainMuscleGroup" at path "mainMuscleGroup", otherMuscleGroup: Cast to ObjectID failed for value "otherMuscleGroup" at path "otherMuscleGroup", type: Cast to ObjectID failed for value "type" at path "type", mechanics: `mechanics` is not a valid enum value for path `mechanics`., difficltyLevel: `difficltyLevel` is not a valid enum value for path `difficltyLevel`., measures: `measures` is not a valid enum value for path `measures`.',
     name: 'ValidationError' } }
[2018-03-28T14:19:54.886] [INFO] development - Image not available to upload. Executing next instruction
[2018-03-28T14:19:54.893] [ERROR] development - Error while inserting exercise data =  { status: 0,
  message: 'Error occured while inserting Exercise',
  error: 
   { errors: 
      { mainMuscleGroup: [Object],
        otherMuscleGroup: [Object],
        type: [Object],
        measures: [Object] },
     _message: 'exercise validation failed',
     message: 'exercise validation failed: mainMuscleGroup: Cast to ObjectID failed for value "mainMuscleGroup" at path "mainMuscleGroup", otherMuscleGroup: Cast to ObjectID failed for value "otherMuscleGroup" at path "otherMuscleGroup", type: Cast to ObjectID failed for value "type" at path "type", measures: `measures` is not a valid enum value for path `measures`.',
     name: 'ValidationError' } }
[2018-03-28T14:20:17.227] [INFO] development - Image not available to upload. Executing next instruction
[2018-03-28T14:20:17.232] [ERROR] development - Error while inserting exercise data =  { status: 0,
  message: 'Error occured while inserting Exercise',
  error: 
   { errors: { type: [Object], measures: [Object] },
     _message: 'exercise validation failed',
     message: 'exercise validation failed: type: Cast to ObjectID failed for value "type" at path "type", measures: `measures` is not a valid enum value for path `measures`.',
     name: 'ValidationError' } }
[2018-03-28T14:20:38.033] [INFO] development - Image not available to upload. Executing next instruction
[2018-03-28T14:20:38.037] [ERROR] development - Error while inserting exercise data =  { status: 0,
  message: 'Error occured while inserting Exercise',
  error: 
   { errors: { measures: [Object] },
     _message: 'exercise validation failed',
     message: 'exercise validation failed: measures: `measures` is not a valid enum value for path `measures`.',
     name: 'ValidationError' } }
[2018-03-28T14:21:18.410] [INFO] development - Image not available to upload. Executing next instruction
[2018-03-28T14:22:23.439] [INFO] development - Image not available to upload. Executing next instruction
[2018-03-28T14:22:43.262] [INFO] development - Image not available to upload. Executing next instruction
[2018-03-28T14:22:43.272] [ERROR] development - Error while inserting exercise data =  { status: 0,
  message: 'Error occured while inserting Exercise',
  error: 
   { errors: { difficltyLevel: [Object] },
     _message: 'exercise validation failed',
     message: 'exercise validation failed: difficltyLevel: `["abcd","bdsfgdsf","cdfdsfdf","dsfsdfsdfd"]` is not a valid enum value for path `difficltyLevel`.',
     name: 'ValidationError' } }
[2018-03-28T14:23:18.078] [INFO] development - Image not available to upload. Executing next instruction
[2018-03-28T14:24:41.404] [INFO] development - Image not available to upload. Executing next instruction
[2018-03-28T14:24:41.406] [ERROR] development - Error while inserting exercise data =  { status: 0,
  message: 'Error occured while inserting Exercise',
  error: 
   { errors: { mainMuscleGroup: [Object] },
     _message: 'exercise validation failed',
     message: 'exercise validation failed: mainMuscleGroup: Cast to ObjectID failed for value "sdfdsfdsfsdfsdfdsfdsfdsfsdff" at path "mainMuscleGroup"',
     name: 'ValidationError' } }
[2018-03-28T14:24:50.058] [INFO] development - Image not available to upload. Executing next instruction
[2018-03-28T14:25:30.361] [TRACE] development - Get all exercise API called
[2018-03-28T14:25:30.371] [TRACE] development - Exercises got successfully =  { status: 1,
  message: 'Exercise found',
  exercises: 
   [ { type: '5ab9e6003e44a31c604a8571',
       equipments: [Array],
       steps: [Array],
       image: [],
       createdAt: '2018-03-28T08:51:18.432Z',
       modifiedAt: '2018-03-28T08:51:18.432Z',
       _id: '5abb57866abdfa1d30eeb02a',
       name: 'name',
       description: 'description',
       mainMuscleGroup: '5ab9e6003e44a31c604a8571',
       otherMuscleGroup: '5ab9e6003e44a31c604a8571',
       detailedMuscleGroup: '5ab9e6003e44a31c604a8571',
       mechanics: 'compound',
       difficltyLevel: 'beginner',
       measures: '' },
     { type: '5ab9e6003e44a31c604a8571',
       equipments: [Array],
       steps: [Array],
       image: [],
       createdAt: '2018-03-28T08:52:23.454Z',
       modifiedAt: '2018-03-28T08:52:23.454Z',
       _id: '5abb57c73e708221646f757e',
       name: 'name',
       description: 'description',
       mainMuscleGroup: '5ab9e6003e44a31c604a8571',
       otherMuscleGroup: '5ab9e6003e44a31c604a8571',
       detailedMuscleGroup: '5ab9e6003e44a31c604a8571',
       mechanics: 'compound',
       difficltyLevel: 'beginner',
       measures: '' },
     { type: '5ab9e6003e44a31c604a8571',
       equipments: [Array],
       steps: [Array],
       image: [],
       createdAt: '2018-03-28T08:53:18.083Z',
       modifiedAt: '2018-03-28T08:53:18.083Z',
       _id: '5abb57fe3e708221646f7580',
       name: 'name',
       description: 'description',
       mainMuscleGroup: '5ab9e6003e44a31c604a8571',
       otherMuscleGroup: '5ab9e6003e44a31c604a8571',
       detailedMuscleGroup: '5ab9e6003e44a31c604a8571',
       mechanics: 'compound',
       difficltyLevel: 'intermediate',
       measures: '' },
     { type: '5ab9e6003e44a31c604a8571',
       equipments: [Array],
       steps: [Array],
       image: [],
       createdAt: '2018-03-28T08:54:50.060Z',
       modifiedAt: '2018-03-28T08:54:50.060Z',
       _id: '5abb585a3e708221646f7582',
       name: 'name',
       description: 'description',
       mainMuscleGroup: '5ab9e6003e44a31c604a8571',
       otherMuscleGroup: '5ab9e6003e44a31c604a8571',
       detailedMuscleGroup: '5ab9e6003e44a31c604a8571',
       mechanics: 'compound',
       difficltyLevel: 'intermediate',
       measures: '' } ] }
[2018-03-28T14:25:41.877] [TRACE] development - Get all exercise API called
[2018-03-28T14:25:41.882] [TRACE] development - Exercises got successfully =  { status: 1,
  message: 'Exercise found',
  exercises: 
   [ { type: '5ab9e6003e44a31c604a8571',
       equipments: [Array],
       steps: [Array],
       image: [],
       createdAt: '2018-03-28T08:51:18.432Z',
       modifiedAt: '2018-03-28T08:51:18.432Z',
       _id: '5abb57866abdfa1d30eeb02a',
       name: 'name',
       description: 'description',
       mainMuscleGroup: '5ab9e6003e44a31c604a8571',
       otherMuscleGroup: '5ab9e6003e44a31c604a8571',
       detailedMuscleGroup: '5ab9e6003e44a31c604a8571',
       mechanics: 'compound',
       difficltyLevel: 'beginner',
       measures: '' },
     { type: '5ab9e6003e44a31c604a8571',
       equipments: [Array],
       steps: [Array],
       image: [],
       createdAt: '2018-03-28T08:52:23.454Z',
       modifiedAt: '2018-03-28T08:52:23.454Z',
       _id: '5abb57c73e708221646f757e',
       name: 'name',
       description: 'description',
       mainMuscleGroup: '5ab9e6003e44a31c604a8571',
       otherMuscleGroup: '5ab9e6003e44a31c604a8571',
       detailedMuscleGroup: '5ab9e6003e44a31c604a8571',
       mechanics: 'compound',
       difficltyLevel: 'beginner',
       measures: '' },
     { type: '5ab9e6003e44a31c604a8571',
       equipments: [Array],
       steps: [Array],
       image: [],
       createdAt: '2018-03-28T08:53:18.083Z',
       modifiedAt: '2018-03-28T08:53:18.083Z',
       _id: '5abb57fe3e708221646f7580',
       name: 'name',
       description: 'description',
       mainMuscleGroup: '5ab9e6003e44a31c604a8571',
       otherMuscleGroup: '5ab9e6003e44a31c604a8571',
       detailedMuscleGroup: '5ab9e6003e44a31c604a8571',
       mechanics: 'compound',
       difficltyLevel: 'intermediate',
       measures: '' },
     { type: '5ab9e6003e44a31c604a8571',
       equipments: [Array],
       steps: [Array],
       image: [],
       createdAt: '2018-03-28T08:54:50.060Z',
       modifiedAt: '2018-03-28T08:54:50.060Z',
       _id: '5abb585a3e708221646f7582',
       name: 'name',
       description: 'description',
       mainMuscleGroup: '5ab9e6003e44a31c604a8571',
       otherMuscleGroup: '5ab9e6003e44a31c604a8571',
       detailedMuscleGroup: '5ab9e6003e44a31c604a8571',
       mechanics: 'compound',
       difficltyLevel: 'intermediate',
       measures: '' } ] }
[2018-03-28T14:27:08.012] [TRACE] development - Get all exercise API called
[2018-03-28T14:27:08.014] [TRACE] development - Exercises got successfully =  { status: 1,
  message: 'exercise found',
  exercise: 
   [ { type: '5ab9e6003e44a31c604a8571',
       equipments: [Array],
       steps: [Array],
       image: [],
       createdAt: '2018-03-28T08:51:18.432Z',
       modifiedAt: '2018-03-28T08:51:18.432Z',
       _id: '5abb57866abdfa1d30eeb02a',
       name: 'name',
       description: 'description',
       mainMuscleGroup: '5ab9e6003e44a31c604a8571',
       otherMuscleGroup: '5ab9e6003e44a31c604a8571',
       detailedMuscleGroup: '5ab9e6003e44a31c604a8571',
       mechanics: 'compound',
       difficltyLevel: 'beginner',
       measures: '' } ] }
[2018-03-28T14:27:25.731] [TRACE] development - Get all exercise API called
[2018-03-28T14:27:25.732] [TRACE] development - Exercises got successfully =  { status: 1,
  message: 'exercise found',
  exercise: 
   [ { type: '5ab9e6003e44a31c604a8571',
       equipments: [Array],
       steps: [Array],
       image: [],
       createdAt: '2018-03-28T08:51:18.432Z',
       modifiedAt: '2018-03-28T08:51:18.432Z',
       _id: '5abb57866abdfa1d30eeb02a',
       name: 'amit',
       description: 'amit desc',
       mainMuscleGroup: '5ab9e6003e44a31c604a8571',
       otherMuscleGroup: '5ab9e6003e44a31c604a8571',
       detailedMuscleGroup: '5ab9e6003e44a31c604a8571',
       mechanics: 'compound',
       difficltyLevel: 'beginner',
       measures: '' } ] }
[2018-03-28T14:29:33.966] [ERROR] development - Validation Error =  [ { location: 'body', param: 'name', msg: 'Name is required' },
  { location: 'body',
    param: 'mainMuscleGroup',
    msg: 'mainMuscleGroup is required' },
  { location: 'body',
    param: 'detailedMuscleGroup',
    msg: 'detailedMuscleGroup is required' },
  { location: 'body', param: 'type', msg: 'type\t is required' },
  { location: 'body',
    param: 'equipments',
    msg: 'equipments is required' },
  { location: 'body',
    param: 'difficltyLevel',
    msg: 'difficltyLevel is required' } ]
[2018-03-28T14:45:01.822] [ERROR] development - Validation Error =  [ { location: 'body', param: 'name', msg: 'Name is required' },
  { location: 'body',
    param: 'mainMuscleGroup',
    msg: 'mainMuscleGroup is required' },
  { location: 'body',
    param: 'detailedMuscleGroup',
    msg: 'detailedMuscleGroup is required' },
  { location: 'body', param: 'type', msg: 'type\t is required' },
  { location: 'body',
    param: 'equipments',
    msg: 'equipments is required' },
  { location: 'body',
    param: 'difficltyLevel',
    msg: 'difficltyLevel is required' } ]
[2018-03-28T14:45:12.283] [INFO] development - Image not available to upload. Executing next instruction
[2018-03-28T14:45:20.624] [INFO] development - Image not available to upload. Executing next instruction
[2018-03-28T14:45:46.071] [INFO] development - Image not available to upload. Executing next instruction
[2018-03-28T14:46:10.755] [INFO] development - Image not available to upload. Executing next instruction
[2018-03-28T14:46:49.932] [INFO] development - Image not available to upload. Executing next instruction
[2018-03-28T14:47:19.999] [INFO] development - Image not available to upload. Executing next instruction
[2018-03-28T14:48:16.777] [INFO] development - Image not available to upload. Executing next instruction
[2018-03-28T15:02:34.929] [INFO] development - Image not available to upload. Executing next instruction
[2018-03-28T15:03:31.115] [TRACE] development - image has been uploaded. Image name =  exercise_1522229611099.png
[2018-03-28T15:03:31.122] [TRACE] development - image has been uploaded. Image name =  exercise_1522229611099.png
[2018-03-28T15:03:31.124] [TRACE] development - image has been uploaded. Image name =  exercise_1522229611099.png
[2018-03-28T15:05:32.457] [TRACE] development - image has been uploaded. Image name =  exercise_1522229732437.png
[2018-03-28T15:05:32.460] [TRACE] development - image has been uploaded. Image name =  exercise_1522229732437.png
[2018-03-28T15:05:32.463] [TRACE] development - image has been uploaded. Image name =  exercise_1522229732437.png
[2018-03-28T15:06:29.891] [TRACE] development - image has been uploaded. Image name =  exercise_1522229789871.png
[2018-03-28T15:06:29.898] [TRACE] development - image has been uploaded. Image name =  exercise_1522229789871.png
[2018-03-28T15:06:29.901] [TRACE] development - image has been uploaded. Image name =  exercise_1522229789871.png
[2018-03-28T15:07:14.436] [TRACE] development - image has been uploaded. Image name =  exercise_1522229834420.png
[2018-03-28T15:07:14.444] [TRACE] development - image has been uploaded. Image name =  exercise_1522229834420.png
[2018-03-28T15:07:14.446] [TRACE] development - image has been uploaded. Image name =  exercise_1522229834420.png
[2018-03-28T15:07:35.186] [TRACE] development - image has been uploaded. Image name =  exercise_1522229855161.png
[2018-03-28T15:07:35.193] [TRACE] development - image has been uploaded. Image name =  exercise_1522229855161.png
[2018-03-28T15:07:35.194] [TRACE] development - image has been uploaded. Image name =  exercise_1522229855161.png
[2018-03-28T15:07:50.561] [TRACE] development - image has been uploaded. Image name =  exercise_1522229870538.png
[2018-03-28T15:07:50.572] [TRACE] development - image has been uploaded. Image name =  exercise_1522229870538.png
[2018-03-28T15:07:50.574] [TRACE] development - image has been uploaded. Image name =  exercise_1522229870538.png
[2018-03-28T15:08:34.766] [TRACE] development - image has been uploaded. Image name =  exercise_1522229914699.png
[2018-03-28T15:08:34.801] [TRACE] development - image has been uploaded. Image name =  exercise_1522229914699.png
[2018-03-28T15:08:34.814] [TRACE] development - image has been uploaded. Image name =  exercise_1522229914699.png
[2018-03-28T15:08:47.867] [TRACE] development - image has been uploaded. Image name =  exercise_1522229927848.png
[2018-03-28T15:08:47.873] [TRACE] development - image has been uploaded. Image name =  exercise_1522229927848.png
[2018-03-28T15:08:47.874] [TRACE] development - image has been uploaded. Image name =  exercise_1522229927848.png
[2018-03-28T15:09:06.396] [TRACE] development - image has been uploaded. Image name =  exercise_1522229946380.png
[2018-03-28T15:09:06.399] [TRACE] development - image has been uploaded. Image name =  exercise_1522229946380.png
[2018-03-28T15:09:06.399] [TRACE] development - image has been uploaded. Image name =  exercise_1522229946380.png
[2018-03-28T15:12:12.063] [TRACE] development - Get all equipment API called
[2018-03-28T15:12:12.094] [TRACE] development - Equipments got successfully =  { status: 1,
  message: 'Equipments found',
  equipments: 
   [ { status: true,
       createdAt: '2018-03-27T06:34:40.427Z',
       modifiedAt: '2018-03-27T06:34:40.427Z',
       _id: '5ab9e6003e44a31c604a8571',
       name: 'amit',
       description: 'demo amit',
       category_id: '5ab9d739f25abc2940429b01',
       image: 'upload/equipment/equipment_1522133138264.png' } ] }
[2018-03-28T15:15:44.077] [TRACE] development - Get all equipment API called
[2018-03-28T15:15:44.095] [TRACE] development - Equipments got successfully =  { status: 1,
  message: 'Equipment found',
  equipment: 
   { status: true,
     createdAt: '2018-03-27T06:34:40.427Z',
     modifiedAt: '2018-03-27T06:34:40.427Z',
     _id: '5ab9e6003e44a31c604a8571',
     name: 'amit',
     description: 'demo amit',
     category_id: '5ab9d739f25abc2940429b01',
     image: 'upload/equipment/equipment_1522133138264.png' } }
